<?xml version="1.0" encoding="UTF-8"?>
<testng-results skipped="0" failed="1" total="3" passed="2">
  <reporter-output>
  </reporter-output>
  <suite name="Default suite" duration-ms="6508" started-at="2019-09-05T04:48:29Z" finished-at="2019-09-05T04:48:35Z">
    <groups>
      <group name="smoke">
        <method signature="DataProviderEx.LoginTestCases(java.lang.String, java.lang.String, java.lang.String, java.lang.String, java.lang.String)[pri:0, instance:com.javabykiran.DataProviderEx@1618e91]" name="LoginTestCases" class="com.javabykiran.DataProviderEx"/>
      </group> <!-- smoke -->
    </groups>
    <test name="Default test" duration-ms="6508" started-at="2019-09-05T04:48:29Z" finished-at="2019-09-05T04:48:35Z">
      <class name="com.javabykiran.DataProviderEx">
        <test-method status="PASS" signature="setupEnvironMent()[pri:0, instance:com.javabykiran.DataProviderEx@1618e91]" name="setupEnvironMent" is-config="true" duration-ms="33750" started-at="2019-09-05T10:17:55Z" finished-at="2019-09-05T10:18:29Z">
          <reporter-output>
          </reporter-output>
        </test-method> <!-- setupEnvironMent -->
        <test-method status="PASS" signature="locateAllWebElements()[pri:0, instance:com.javabykiran.DataProviderEx@1618e91]" name="locateAllWebElements" is-config="true" duration-ms="557" started-at="2019-09-05T10:18:29Z" finished-at="2019-09-05T10:18:30Z">
          <reporter-output>
          </reporter-output>
        </test-method> <!-- locateAllWebElements -->
        <test-method status="PASS" signature="clearAllTextBoxes()[pri:0, instance:com.javabykiran.DataProviderEx@1618e91]" name="clearAllTextBoxes" is-config="true" duration-ms="1048" started-at="2019-09-05T10:18:30Z" finished-at="2019-09-05T10:18:31Z">
          <reporter-output>
          </reporter-output>
        </test-method> <!-- clearAllTextBoxes -->
        <test-method status="PASS" signature="LoginTestCases(java.lang.String, java.lang.String, java.lang.String, java.lang.String, java.lang.String)[pri:0, instance:com.javabykiran.DataProviderEx@1618e91]" name="LoginTestCases" duration-ms="642" started-at="2019-09-05T10:18:31Z" data-provider="login-data" finished-at="2019-09-05T10:18:32Z">
          <params>
            <param index="0">
              <value>
                <![CDATA[TC01]]>
              </value>
            </param>
            <param index="1">
              <value>
                <![CDATA[blankUser]]>
              </value>
            </param>
            <param index="2">
              <value>
                <![CDATA[]]>
              </value>
            </param>
            <param index="3">
              <value>
                <![CDATA[]]>
              </value>
            </param>
            <param index="4">
              <value>
                <![CDATA[Please enter email.]]>
              </value>
            </param>
          </params>
          <reporter-output>
          </reporter-output>
        </test-method> <!-- LoginTestCases -->
        <test-method status="PASS" signature="clearAllTextBoxes()[pri:0, instance:com.javabykiran.DataProviderEx@1618e91]" name="clearAllTextBoxes" is-config="true" duration-ms="87" started-at="2019-09-05T10:18:32Z" finished-at="2019-09-05T10:18:32Z">
          <reporter-output>
          </reporter-output>
        </test-method> <!-- clearAllTextBoxes -->
        <test-method status="PASS" signature="LoginTestCases(java.lang.String, java.lang.String, java.lang.String, java.lang.String, java.lang.String)[pri:0, instance:com.javabykiran.DataProviderEx@1618e91]" name="LoginTestCases" duration-ms="1616" started-at="2019-09-05T10:18:32Z" data-provider="login-data" finished-at="2019-09-05T10:18:33Z">
          <params>
            <param index="0">
              <value>
                <![CDATA[TC02]]>
              </value>
            </param>
            <param index="1">
              <value>
                <![CDATA[invaliduser]]>
              </value>
            </param>
            <param index="2">
              <value>
                <![CDATA[hellokiran]]>
              </value>
            </param>
            <param index="3">
              <value>
                <![CDATA[kiranpassword]]>
              </value>
            </param>
            <param index="4">
              <value>
                <![CDATA[Please enter email as kiran@gmail.com]]>
              </value>
            </param>
          </params>
          <reporter-output>
          </reporter-output>
        </test-method> <!-- LoginTestCases -->
        <test-method status="PASS" signature="clearAllTextBoxes()[pri:0, instance:com.javabykiran.DataProviderEx@1618e91]" name="clearAllTextBoxes" is-config="true" duration-ms="84" started-at="2019-09-05T10:18:33Z" finished-at="2019-09-05T10:18:33Z">
          <reporter-output>
          </reporter-output>
        </test-method> <!-- clearAllTextBoxes -->
        <test-method status="FAIL" signature="LoginTestCases(java.lang.String, java.lang.String, java.lang.String, java.lang.String, java.lang.String)[pri:0, instance:com.javabykiran.DataProviderEx@1618e91]" name="LoginTestCases" duration-ms="2049" started-at="2019-09-05T10:18:33Z" data-provider="login-data" finished-at="2019-09-05T10:18:35Z">
          <params>
            <param index="0">
              <value>
                <![CDATA[TC03]]>
              </value>
            </param>
            <param index="1">
              <value>
                <![CDATA[validuser]]>
              </value>
            </param>
            <param index="2">
              <value>
                <![CDATA[kiran@gmail.com]]>
              </value>
            </param>
            <param index="3">
              <value>
                <![CDATA[123456]]>
              </value>
            </param>
            <param index="4">
              <value>
                <![CDATA[AdminLTE 2 | Dashboard 11]]>
              </value>
            </param>
          </params>
          <exception class="java.lang.AssertionError">
            <message>
              <![CDATA[expected [AdminLTE 2 | Dashboard 11] but found [AdminLTE 2 | Dashboard]]]>
            </message>
            <full-stacktrace>
              <![CDATA[java.lang.AssertionError: expected [AdminLTE 2 | Dashboard 11] but found [AdminLTE 2 | Dashboard]
	at org.testng.Assert.fail(Assert.java:94)
	at org.testng.Assert.failNotEquals(Assert.java:513)
	at org.testng.Assert.assertEqualsImpl(Assert.java:135)
	at org.testng.Assert.assertEquals(Assert.java:116)
	at org.testng.Assert.assertEquals(Assert.java:190)
	at org.testng.Assert.assertEquals(Assert.java:200)
	at com.javabykiran.DataProviderEx.LoginTestCases(DataProviderEx.java:69)
	at sun.reflect.NativeMethodAccessorImpl.invoke0(Native Method)
	at sun.reflect.NativeMethodAccessorImpl.invoke(NativeMethodAccessorImpl.java:62)
	at sun.reflect.DelegatingMethodAccessorImpl.invoke(DelegatingMethodAccessorImpl.java:43)
	at java.lang.reflect.Method.invoke(Method.java:498)
	at org.testng.internal.MethodInvocationHelper.invokeMethod(MethodInvocationHelper.java:86)
	at org.testng.internal.Invoker.invokeMethod(Invoker.java:645)
	at org.testng.internal.Invoker.invokeTestMethod(Invoker.java:822)
	at org.testng.internal.Invoker.invokeTestMethods(Invoker.java:1130)
	at org.testng.internal.TestMethodWorker.invokeTestMethods(TestMethodWorker.java:129)
	at org.testng.internal.TestMethodWorker.run(TestMethodWorker.java:112)
	at org.testng.TestRunner.privateRun(TestRunner.java:782)
	at org.testng.TestRunner.run(TestRunner.java:632)
	at org.testng.SuiteRunner.runTest(SuiteRunner.java:366)
	at org.testng.SuiteRunner.runSequentially(SuiteRunner.java:361)
	at org.testng.SuiteRunner.privateRun(SuiteRunner.java:319)
	at org.testng.SuiteRunner.run(SuiteRunner.java:268)
	at org.testng.SuiteRunnerWorker.runSuite(SuiteRunnerWorker.java:52)
	at org.testng.SuiteRunnerWorker.run(SuiteRunnerWorker.java:86)
	at org.testng.TestNG.runSuitesSequentially(TestNG.java:1244)
	at org.testng.TestNG.runSuitesLocally(TestNG.java:1169)
	at org.testng.TestNG.run(TestNG.java:1064)
	at org.testng.remote.RemoteTestNG.run(RemoteTestNG.java:113)
	at org.testng.remote.RemoteTestNG.initAndRun(RemoteTestNG.java:206)
	at org.testng.remote.RemoteTestNG.main(RemoteTestNG.java:177)
]]>
            </full-stacktrace>
          </exception> <!-- java.lang.AssertionError -->
          <reporter-output>
          </reporter-output>
        </test-method> <!-- LoginTestCases -->
        <test-method status="PASS" signature="closeBrowser()[pri:0, instance:com.javabykiran.DataProviderEx@1618e91]" name="closeBrowser" is-config="true" duration-ms="12" started-at="2019-09-05T10:18:36Z" finished-at="2019-09-05T10:18:36Z">
          <reporter-output>
          </reporter-output>
        </test-method> <!-- closeBrowser -->
      </class> <!-- com.javabykiran.DataProviderEx -->
    </test> <!-- Default test -->
  </suite> <!-- Default suite -->
</testng-results>
